mode: set
github.com/snichols/flecs/internal/storage/table/column.go:30.61,35.2 1 1
github.com/snichols/flecs/internal/storage/table/column.go:38.28,39.14 1 1
github.com/snichols/flecs/internal/storage/table/column.go:39.14,41.3 1 1
github.com/snichols/flecs/internal/storage/table/column.go:42.2,42.22 1 1
github.com/snichols/flecs/internal/storage/table/column.go:46.28,47.14 1 1
github.com/snichols/flecs/internal/storage/table/column.go:47.14,49.3 1 1
github.com/snichols/flecs/internal/storage/table/column.go:50.2,50.22 1 1
github.com/snichols/flecs/internal/storage/table/column.go:55.48,59.2 3 1
github.com/snichols/flecs/internal/storage/table/column.go:62.51,63.29 1 1
github.com/snichols/flecs/internal/storage/table/column.go:63.29,65.3 1 0
github.com/snichols/flecs/internal/storage/table/column.go:66.2,67.78 2 1
github.com/snichols/flecs/internal/storage/table/column.go:71.51,72.29 1 1
github.com/snichols/flecs/internal/storage/table/column.go:72.29,74.3 1 0
github.com/snichols/flecs/internal/storage/table/column.go:75.2,76.78 2 1
github.com/snichols/flecs/internal/storage/table/column.go:81.31,83.24 2 1
github.com/snichols/flecs/internal/storage/table/column.go:83.24,85.26 2 1
github.com/snichols/flecs/internal/storage/table/column.go:85.26,87.4 1 0
github.com/snichols/flecs/internal/storage/table/column.go:88.3,91.9 4 1
github.com/snichols/flecs/internal/storage/table/column.go:93.2,95.59 2 1
github.com/snichols/flecs/internal/storage/table/column.go:101.38,103.17 2 1
github.com/snichols/flecs/internal/storage/table/column.go:103.17,105.3 1 1
github.com/snichols/flecs/internal/storage/table/column.go:107.2,108.34 2 1
github.com/snichols/flecs/internal/storage/table/table.go:43.60,44.50 1 1
github.com/snichols/flecs/internal/storage/table/table.go:44.50,44.76 1 1
github.com/snichols/flecs/internal/storage/table/table.go:44.78,45.47 1 1
github.com/snichols/flecs/internal/storage/table/table.go:47.2,52.25 2 1
github.com/snichols/flecs/internal/storage/table/table.go:52.25,54.24 2 1
github.com/snichols/flecs/internal/storage/table/table.go:54.24,56.4 1 1
github.com/snichols/flecs/internal/storage/table/table.go:58.2,58.10 1 1
github.com/snichols/flecs/internal/storage/table/table.go:63.33,63.49 1 1
github.com/snichols/flecs/internal/storage/table/table.go:66.29,66.55 1 1
github.com/snichols/flecs/internal/storage/table/table.go:70.37,70.58 1 1
github.com/snichols/flecs/internal/storage/table/table.go:73.46,76.2 2 1
github.com/snichols/flecs/internal/storage/table/table.go:80.44,81.33 1 1
github.com/snichols/flecs/internal/storage/table/table.go:81.33,83.3 1 1
github.com/snichols/flecs/internal/storage/table/table.go:84.2,84.11 1 1
github.com/snichols/flecs/internal/storage/table/table.go:89.43,92.32 3 1
github.com/snichols/flecs/internal/storage/table/table.go:92.32,93.17 1 1
github.com/snichols/flecs/internal/storage/table/table.go:93.17,95.4 1 1
github.com/snichols/flecs/internal/storage/table/table.go:97.2,97.12 1 1
github.com/snichols/flecs/internal/storage/table/table.go:104.70,106.25 2 1
github.com/snichols/flecs/internal/storage/table/table.go:106.25,107.46 1 1
github.com/snichols/flecs/internal/storage/table/table.go:109.2,110.17 2 1
github.com/snichols/flecs/internal/storage/table/table.go:110.17,114.3 3 1
github.com/snichols/flecs/internal/storage/table/table.go:115.2,117.32 3 1
github.com/snichols/flecs/internal/storage/table/table.go:117.32,118.17 1 1
github.com/snichols/flecs/internal/storage/table/table.go:118.17,120.4 1 1
github.com/snichols/flecs/internal/storage/table/table.go:122.2,122.27 1 1
github.com/snichols/flecs/internal/storage/table/table.go:129.61,131.9 2 1
github.com/snichols/flecs/internal/storage/table/table.go:131.9,132.43 1 1
github.com/snichols/flecs/internal/storage/table/table.go:134.2,134.39 1 1
github.com/snichols/flecs/internal/storage/table/table.go:134.39,135.40 1 1
github.com/snichols/flecs/internal/storage/table/table.go:137.2,138.16 2 1
github.com/snichols/flecs/internal/storage/table/table.go:138.16,140.3 1 1
github.com/snichols/flecs/internal/storage/table/table.go:141.2,141.19 1 1
github.com/snichols/flecs/internal/storage/table/table.go:149.56,151.9 2 1
github.com/snichols/flecs/internal/storage/table/table.go:151.9,152.43 1 1
github.com/snichols/flecs/internal/storage/table/table.go:154.2,154.39 1 1
github.com/snichols/flecs/internal/storage/table/table.go:154.39,155.40 1 1
github.com/snichols/flecs/internal/storage/table/table.go:157.2,158.16 2 1
github.com/snichols/flecs/internal/storage/table/table.go:158.16,160.3 1 1
github.com/snichols/flecs/internal/storage/table/table.go:161.2,161.23 1 1
github.com/snichols/flecs/internal/storage/table/table.go:167.53,168.23 1 0
github.com/snichols/flecs/internal/storage/table/table.go:168.23,170.3 1 0
github.com/snichols/flecs/internal/storage/table/table.go:171.2,172.16 2 0
github.com/snichols/flecs/internal/storage/table/table.go:178.56,179.26 1 0
github.com/snichols/flecs/internal/storage/table/table.go:179.26,181.3 1 0
github.com/snichols/flecs/internal/storage/table/table.go:182.2,183.16 2 0
github.com/snichols/flecs/internal/storage/table/table.go:190.53,191.23 1 0
github.com/snichols/flecs/internal/storage/table/table.go:191.23,193.3 1 0
github.com/snichols/flecs/internal/storage/table/table.go:194.2,194.59 1 0
github.com/snichols/flecs/internal/storage/table/table.go:194.59,195.77 1 0
github.com/snichols/flecs/internal/storage/table/table.go:197.2,197.22 1 0
github.com/snichols/flecs/internal/storage/table/table.go:204.56,205.26 1 0
github.com/snichols/flecs/internal/storage/table/table.go:205.26,207.3 1 0
github.com/snichols/flecs/internal/storage/table/table.go:208.2,208.62 1 0
github.com/snichols/flecs/internal/storage/table/table.go:208.62,209.80 1 0
github.com/snichols/flecs/internal/storage/table/table.go:211.2,211.25 1 0
