mode: set
github.com/snichols/flecs/internal/storage/table/column.go:30.61,35.2 1 1
github.com/snichols/flecs/internal/storage/table/column.go:38.28,39.14 1 1
github.com/snichols/flecs/internal/storage/table/column.go:39.14,41.3 1 1
github.com/snichols/flecs/internal/storage/table/column.go:42.2,42.22 1 1
github.com/snichols/flecs/internal/storage/table/column.go:46.28,47.14 1 1
github.com/snichols/flecs/internal/storage/table/column.go:47.14,49.3 1 1
github.com/snichols/flecs/internal/storage/table/column.go:50.2,50.22 1 1
github.com/snichols/flecs/internal/storage/table/column.go:55.48,59.2 3 1
github.com/snichols/flecs/internal/storage/table/column.go:62.51,63.29 1 1
github.com/snichols/flecs/internal/storage/table/column.go:63.29,65.3 1 0
github.com/snichols/flecs/internal/storage/table/column.go:66.2,67.78 2 1
github.com/snichols/flecs/internal/storage/table/column.go:71.51,72.29 1 1
github.com/snichols/flecs/internal/storage/table/column.go:72.29,74.3 1 0
github.com/snichols/flecs/internal/storage/table/column.go:75.2,76.78 2 1
github.com/snichols/flecs/internal/storage/table/column.go:81.31,83.24 2 1
github.com/snichols/flecs/internal/storage/table/column.go:83.24,85.26 2 1
github.com/snichols/flecs/internal/storage/table/column.go:85.26,87.4 1 0
github.com/snichols/flecs/internal/storage/table/column.go:88.3,91.9 4 1
github.com/snichols/flecs/internal/storage/table/column.go:93.2,95.59 2 1
github.com/snichols/flecs/internal/storage/table/column.go:101.38,103.17 2 1
github.com/snichols/flecs/internal/storage/table/column.go:103.17,105.3 1 1
github.com/snichols/flecs/internal/storage/table/column.go:107.2,108.34 2 1
github.com/snichols/flecs/internal/storage/table/table.go:38.62,39.50 1 1
github.com/snichols/flecs/internal/storage/table/table.go:39.50,39.76 1 1
github.com/snichols/flecs/internal/storage/table/table.go:39.78,40.47 1 1
github.com/snichols/flecs/internal/storage/table/table.go:42.2,47.25 2 1
github.com/snichols/flecs/internal/storage/table/table.go:47.25,49.24 2 1
github.com/snichols/flecs/internal/storage/table/table.go:49.24,51.4 1 1
github.com/snichols/flecs/internal/storage/table/table.go:53.2,53.10 1 1
github.com/snichols/flecs/internal/storage/table/table.go:58.35,58.51 1 1
github.com/snichols/flecs/internal/storage/table/table.go:61.29,61.55 1 1
github.com/snichols/flecs/internal/storage/table/table.go:65.39,65.60 1 1
github.com/snichols/flecs/internal/storage/table/table.go:68.48,71.2 2 1
github.com/snichols/flecs/internal/storage/table/table.go:75.46,76.33 1 1
github.com/snichols/flecs/internal/storage/table/table.go:76.33,78.3 1 1
github.com/snichols/flecs/internal/storage/table/table.go:79.2,79.11 1 1
github.com/snichols/flecs/internal/storage/table/table.go:84.45,87.32 3 1
github.com/snichols/flecs/internal/storage/table/table.go:87.32,88.17 1 1
github.com/snichols/flecs/internal/storage/table/table.go:88.17,90.4 1 1
github.com/snichols/flecs/internal/storage/table/table.go:92.2,92.12 1 1
github.com/snichols/flecs/internal/storage/table/table.go:99.72,101.25 2 1
github.com/snichols/flecs/internal/storage/table/table.go:101.25,102.46 1 1
github.com/snichols/flecs/internal/storage/table/table.go:104.2,105.17 2 1
github.com/snichols/flecs/internal/storage/table/table.go:105.17,109.3 3 1
github.com/snichols/flecs/internal/storage/table/table.go:110.2,112.32 3 1
github.com/snichols/flecs/internal/storage/table/table.go:112.32,113.17 1 1
github.com/snichols/flecs/internal/storage/table/table.go:113.17,115.4 1 1
github.com/snichols/flecs/internal/storage/table/table.go:117.2,117.27 1 1
github.com/snichols/flecs/internal/storage/table/table.go:124.63,126.9 2 1
github.com/snichols/flecs/internal/storage/table/table.go:126.9,127.43 1 1
github.com/snichols/flecs/internal/storage/table/table.go:129.2,129.39 1 1
github.com/snichols/flecs/internal/storage/table/table.go:129.39,130.40 1 1
github.com/snichols/flecs/internal/storage/table/table.go:132.2,133.16 2 1
github.com/snichols/flecs/internal/storage/table/table.go:133.16,135.3 1 1
github.com/snichols/flecs/internal/storage/table/table.go:136.2,136.19 1 1
github.com/snichols/flecs/internal/storage/table/table.go:144.58,146.9 2 1
github.com/snichols/flecs/internal/storage/table/table.go:146.9,147.43 1 1
github.com/snichols/flecs/internal/storage/table/table.go:149.2,149.39 1 1
github.com/snichols/flecs/internal/storage/table/table.go:149.39,150.40 1 1
github.com/snichols/flecs/internal/storage/table/table.go:152.2,153.16 2 1
github.com/snichols/flecs/internal/storage/table/table.go:153.16,155.3 1 1
github.com/snichols/flecs/internal/storage/table/table.go:156.2,156.23 1 1
