mode: atomic
github.com/snichols/flecs/internal/component/registry.go:21.30,26.2 1 23
github.com/snichols/flecs/internal/component/registry.go:35.45,37.28 2 31
github.com/snichols/flecs/internal/component/registry.go:37.28,39.3 1 2
github.com/snichols/flecs/internal/component/registry.go:40.2,49.13 5 29
github.com/snichols/flecs/internal/component/registry.go:56.67,60.2 3 3
github.com/snichols/flecs/internal/component/registry.go:63.57,65.2 1 3
github.com/snichols/flecs/internal/component/registry.go:68.74,71.2 2 4
github.com/snichols/flecs/internal/component/registry.go:76.59,77.13 1 6
github.com/snichols/flecs/internal/component/registry.go:77.13,78.54 1 1
github.com/snichols/flecs/internal/component/registry.go:80.2,80.56 1 5
github.com/snichols/flecs/internal/component/registry.go:80.56,81.83 1 1
github.com/snichols/flecs/internal/component/registry.go:83.2,84.19 2 4
github.com/snichols/flecs/internal/component/registry.go:89.60,92.2 2 2
github.com/snichols/flecs/internal/component/registry.go:96.59,97.28 1 2
github.com/snichols/flecs/internal/component/registry.go:97.28,99.3 1 5
github.com/snichols/flecs/internal/component/registry.go:103.32,105.2 1 6
github.com/snichols/flecs/internal/storage/entityindex/entityindex.go:64.19,69.2 1 19
github.com/snichols/flecs/internal/storage/entityindex/entityindex.go:74.47,76.32 2 1436
github.com/snichols/flecs/internal/storage/entityindex/entityindex.go:76.32,78.3 1 35
github.com/snichols/flecs/internal/storage/entityindex/entityindex.go:79.2,79.31 1 1436
github.com/snichols/flecs/internal/storage/entityindex/entityindex.go:79.31,81.3 1 35
github.com/snichols/flecs/internal/storage/entityindex/entityindex.go:82.2,82.27 1 1436
github.com/snichols/flecs/internal/storage/entityindex/entityindex.go:88.55,90.31 2 737
github.com/snichols/flecs/internal/storage/entityindex/entityindex.go:90.31,92.3 1 3
github.com/snichols/flecs/internal/storage/entityindex/entityindex.go:93.2,94.18 2 734
github.com/snichols/flecs/internal/storage/entityindex/entityindex.go:94.18,96.3 1 4
github.com/snichols/flecs/internal/storage/entityindex/entityindex.go:97.2,97.10 1 730
github.com/snichols/flecs/internal/storage/entityindex/entityindex.go:107.34,108.26 1 1436
github.com/snichols/flecs/internal/storage/entityindex/entityindex.go:108.26,122.3 9 110
github.com/snichols/flecs/internal/storage/entityindex/entityindex.go:125.2,134.11 8 1326
github.com/snichols/flecs/internal/storage/entityindex/entityindex.go:147.40,150.14 3 120
github.com/snichols/flecs/internal/storage/entityindex/entityindex.go:150.14,152.3 1 2
github.com/snichols/flecs/internal/storage/entityindex/entityindex.go:153.2,154.31 2 118
github.com/snichols/flecs/internal/storage/entityindex/entityindex.go:154.31,157.3 1 1
github.com/snichols/flecs/internal/storage/entityindex/entityindex.go:159.2,160.23 2 117
github.com/snichols/flecs/internal/storage/entityindex/entityindex.go:160.23,161.75 1 1
github.com/snichols/flecs/internal/storage/entityindex/entityindex.go:165.2,166.30 2 116
github.com/snichols/flecs/internal/storage/entityindex/entityindex.go:166.30,171.3 4 104
github.com/snichols/flecs/internal/storage/entityindex/entityindex.go:173.2,179.13 5 116
github.com/snichols/flecs/internal/storage/entityindex/entityindex.go:187.43,189.17 2 307
github.com/snichols/flecs/internal/storage/entityindex/entityindex.go:189.17,191.3 1 2
github.com/snichols/flecs/internal/storage/entityindex/entityindex.go:192.2,193.14 2 305
github.com/snichols/flecs/internal/storage/entityindex/entityindex.go:193.14,195.3 1 3
github.com/snichols/flecs/internal/storage/entityindex/entityindex.go:196.2,196.33 1 302
github.com/snichols/flecs/internal/storage/entityindex/entityindex.go:208.42,210.17 2 209
github.com/snichols/flecs/internal/storage/entityindex/entityindex.go:210.17,212.3 1 1
github.com/snichols/flecs/internal/storage/entityindex/entityindex.go:213.2,214.14 2 208
github.com/snichols/flecs/internal/storage/entityindex/entityindex.go:214.14,216.3 1 2
github.com/snichols/flecs/internal/storage/entityindex/entityindex.go:217.2,217.30 1 206
github.com/snichols/flecs/internal/storage/entityindex/entityindex.go:217.30,219.3 1 1
github.com/snichols/flecs/internal/storage/entityindex/entityindex.go:220.2,220.10 1 205
github.com/snichols/flecs/internal/storage/entityindex/entityindex.go:224.31,226.2 1 4
github.com/snichols/flecs/internal/storage/entityindex/entityindex.go:233.57,234.38 1 2
github.com/snichols/flecs/internal/storage/entityindex/entityindex.go:234.38,240.3 5 7
github.com/snichols/flecs/id.go:36.46,36.90 1 18
github.com/snichols/flecs/id.go:40.36,40.74 1 5
github.com/snichols/flecs/world.go:35.19,44.2 4 32
github.com/snichols/flecs/world.go:48.32,54.2 5 43
github.com/snichols/flecs/world.go:61.35,63.16 2 11
github.com/snichols/flecs/world.go:63.16,65.3 1 1
github.com/snichols/flecs/world.go:66.2,68.14 3 10
github.com/snichols/flecs/world.go:68.14,70.9 2 10
github.com/snichols/flecs/world.go:70.9,73.4 2 2
github.com/snichols/flecs/world.go:75.2,75.24 1 10
github.com/snichols/flecs/world.go:79.36,79.65 1 6
github.com/snichols/flecs/world.go:82.29,82.55 1 3
github.com/snichols/flecs/world.go:88.44,90.31 2 57
github.com/snichols/flecs/world.go:90.31,92.3 1 26
github.com/snichols/flecs/world.go:93.2,93.9 1 31
github.com/snichols/flecs/world.go:93.9,95.3 1 31
github.com/snichols/flecs/world.go:96.2,98.11 3 31
github.com/snichols/flecs/world.go:105.38,108.16 3 39
github.com/snichols/flecs/world.go:108.16,109.44 1 1
github.com/snichols/flecs/world.go:111.2,112.37 2 38
github.com/snichols/flecs/world.go:112.37,115.3 2 1
github.com/snichols/flecs/world.go:116.2,116.42 1 37
github.com/snichols/flecs/world.go:122.43,125.32 3 22
github.com/snichols/flecs/world.go:125.32,127.3 1 1
github.com/snichols/flecs/world.go:128.2,129.16 2 21
github.com/snichols/flecs/world.go:129.16,131.3 1 3
github.com/snichols/flecs/world.go:132.2,133.49 2 18
github.com/snichols/flecs/world.go:133.49,135.3 1 3
github.com/snichols/flecs/world.go:136.2,137.16 2 15
github.com/snichols/flecs/world.go:137.16,140.3 1 1
github.com/snichols/flecs/world.go:141.2,141.25 1 14
github.com/snichols/flecs/world.go:146.38,149.16 3 7
github.com/snichols/flecs/world.go:149.16,151.3 1 1
github.com/snichols/flecs/world.go:152.2,153.40 2 6
github.com/snichols/flecs/world.go:159.41,161.32 2 7
github.com/snichols/flecs/world.go:161.32,163.3 1 1
github.com/snichols/flecs/world.go:164.2,166.16 3 6
github.com/snichols/flecs/world.go:166.16,168.3 1 1
github.com/snichols/flecs/world.go:169.2,170.38 2 5
github.com/snichols/flecs/world.go:170.38,172.3 1 0
github.com/snichols/flecs/world.go:173.2,174.13 2 5
github.com/snichols/flecs/world.go:188.77,196.21 5 42
github.com/snichols/flecs/world.go:196.21,198.3 1 42
github.com/snichols/flecs/world.go:200.2,201.28 2 42
github.com/snichols/flecs/world.go:201.28,202.21 1 8
github.com/snichols/flecs/world.go:202.21,203.12 1 5
github.com/snichols/flecs/world.go:205.3,205.30 1 3
github.com/snichols/flecs/world.go:207.2,207.16 1 42
github.com/snichols/flecs/world.go:207.16,209.52 1 37
github.com/snichols/flecs/world.go:209.52,209.81 1 3
github.com/snichols/flecs/world.go:210.3,212.22 3 37
github.com/snichols/flecs/world.go:218.2,220.9 2 42
github.com/snichols/flecs/world.go:221.54,222.53 1 5
github.com/snichols/flecs/world.go:222.53,224.4 1 0
github.com/snichols/flecs/world.go:225.54,226.47 1 37
github.com/snichols/flecs/world.go:226.47,228.4 1 8
github.com/snichols/flecs/world.go:231.2,231.21 1 42
github.com/snichols/flecs/world.go:231.21,235.14 4 34
github.com/snichols/flecs/world.go:235.14,237.30 2 29
github.com/snichols/flecs/world.go:237.30,239.12 2 32
github.com/snichols/flecs/world.go:239.12,240.58 1 0
github.com/snichols/flecs/world.go:242.5,242.20 1 32
github.com/snichols/flecs/world.go:244.4,245.28 2 29
github.com/snichols/flecs/world.go:248.3,248.22 1 34
github.com/snichols/flecs/world.go:248.22,249.11 1 34
github.com/snichols/flecs/world.go:250.37,251.49 1 5
github.com/snichols/flecs/world.go:252.37,253.43 1 29
github.com/snichols/flecs/world.go:259.2,264.21 2 42
github.com/snichols/flecs/world.go:264.21,265.29 1 42
github.com/snichols/flecs/world.go:265.29,266.37 1 8
github.com/snichols/flecs/world.go:266.37,267.13 1 5
github.com/snichols/flecs/world.go:269.4,269.34 1 3
github.com/snichols/flecs/world.go:269.34,270.13 1 0
github.com/snichols/flecs/world.go:272.4,273.18 2 3
github.com/snichols/flecs/world.go:273.18,275.5 1 3
github.com/snichols/flecs/world.go:280.2,280.36 1 42
github.com/snichols/flecs/world.go:280.36,282.3 1 37
github.com/snichols/flecs/world.go:287.2,287.21 1 42
github.com/snichols/flecs/world.go:287.21,289.9 2 42
github.com/snichols/flecs/world.go:289.9,292.4 2 4
github.com/snichols/flecs/world.go:296.2,297.26 2 42
github.com/snichols/flecs/world.go:303.30,304.19 1 66
github.com/snichols/flecs/world.go:304.19,306.3 1 37
github.com/snichols/flecs/world.go:307.2,307.75 1 29
github.com/snichols/flecs/internal/storage/table/column.go:30.61,35.2 1 54
github.com/snichols/flecs/internal/storage/table/column.go:38.28,39.14 1 7
github.com/snichols/flecs/internal/storage/table/column.go:39.14,41.3 1 1
github.com/snichols/flecs/internal/storage/table/column.go:42.2,42.22 1 6
github.com/snichols/flecs/internal/storage/table/column.go:46.28,47.14 1 2
github.com/snichols/flecs/internal/storage/table/column.go:47.14,49.3 1 1
github.com/snichols/flecs/internal/storage/table/column.go:50.2,50.22 1 1
github.com/snichols/flecs/internal/storage/table/column.go:55.48,59.2 3 2202
github.com/snichols/flecs/internal/storage/table/column.go:62.51,63.29 1 1103
github.com/snichols/flecs/internal/storage/table/column.go:63.29,65.3 1 0
github.com/snichols/flecs/internal/storage/table/column.go:66.2,67.78 2 1103
github.com/snichols/flecs/internal/storage/table/column.go:71.51,72.29 1 69
github.com/snichols/flecs/internal/storage/table/column.go:72.29,74.3 1 0
github.com/snichols/flecs/internal/storage/table/column.go:75.2,76.78 2 69
github.com/snichols/flecs/internal/storage/table/column.go:81.31,83.24 2 1116
github.com/snichols/flecs/internal/storage/table/column.go:83.24,85.26 2 10
github.com/snichols/flecs/internal/storage/table/column.go:85.26,87.4 1 0
github.com/snichols/flecs/internal/storage/table/column.go:88.3,91.9 4 10
github.com/snichols/flecs/internal/storage/table/column.go:93.2,95.59 2 1106
github.com/snichols/flecs/internal/storage/table/column.go:101.38,103.17 2 7
github.com/snichols/flecs/internal/storage/table/column.go:103.17,105.3 1 2
github.com/snichols/flecs/internal/storage/table/column.go:107.2,108.34 2 7
github.com/snichols/flecs/internal/storage/table/table.go:43.60,44.50 1 35
github.com/snichols/flecs/internal/storage/table/table.go:44.50,44.76 1 15
github.com/snichols/flecs/internal/storage/table/table.go:44.78,45.47 1 1
github.com/snichols/flecs/internal/storage/table/table.go:47.2,52.25 2 34
github.com/snichols/flecs/internal/storage/table/table.go:52.25,54.24 2 47
github.com/snichols/flecs/internal/storage/table/table.go:54.24,56.4 1 46
github.com/snichols/flecs/internal/storage/table/table.go:58.2,58.10 1 34
github.com/snichols/flecs/internal/storage/table/table.go:63.33,63.49 1 1
github.com/snichols/flecs/internal/storage/table/table.go:66.29,66.55 1 9
github.com/snichols/flecs/internal/storage/table/table.go:70.37,70.58 1 3
github.com/snichols/flecs/internal/storage/table/table.go:73.46,76.2 2 3
github.com/snichols/flecs/internal/storage/table/table.go:80.44,81.33 1 3
github.com/snichols/flecs/internal/storage/table/table.go:81.33,83.3 1 2
github.com/snichols/flecs/internal/storage/table/table.go:84.2,84.11 1 1
github.com/snichols/flecs/internal/storage/table/table.go:89.43,92.32 3 1042
github.com/snichols/flecs/internal/storage/table/table.go:92.32,93.17 1 1043
github.com/snichols/flecs/internal/storage/table/table.go:93.17,95.4 1 1042
github.com/snichols/flecs/internal/storage/table/table.go:97.2,97.12 1 1042
github.com/snichols/flecs/internal/storage/table/table.go:104.70,106.25 2 5
github.com/snichols/flecs/internal/storage/table/table.go:106.25,107.46 1 1
github.com/snichols/flecs/internal/storage/table/table.go:109.2,110.17 2 4
github.com/snichols/flecs/internal/storage/table/table.go:110.17,114.3 3 1
github.com/snichols/flecs/internal/storage/table/table.go:115.2,117.32 3 4
github.com/snichols/flecs/internal/storage/table/table.go:117.32,118.17 1 3
github.com/snichols/flecs/internal/storage/table/table.go:118.17,120.4 1 3
github.com/snichols/flecs/internal/storage/table/table.go:122.2,122.27 1 4
github.com/snichols/flecs/internal/storage/table/table.go:129.61,131.9 2 1034
github.com/snichols/flecs/internal/storage/table/table.go:131.9,132.43 1 1
github.com/snichols/flecs/internal/storage/table/table.go:134.2,134.39 1 1033
github.com/snichols/flecs/internal/storage/table/table.go:134.39,135.40 1 1
github.com/snichols/flecs/internal/storage/table/table.go:137.2,138.16 2 1032
github.com/snichols/flecs/internal/storage/table/table.go:138.16,140.3 1 1
github.com/snichols/flecs/internal/storage/table/table.go:141.2,141.19 1 1031
github.com/snichols/flecs/internal/storage/table/table.go:149.56,151.9 2 1032
github.com/snichols/flecs/internal/storage/table/table.go:151.9,152.43 1 1
github.com/snichols/flecs/internal/storage/table/table.go:154.2,154.39 1 1031
github.com/snichols/flecs/internal/storage/table/table.go:154.39,155.40 1 1
github.com/snichols/flecs/internal/storage/table/table.go:157.2,158.16 2 1030
github.com/snichols/flecs/internal/storage/table/table.go:158.16,160.3 1 1
github.com/snichols/flecs/internal/storage/table/table.go:161.2,161.23 1 1029
github.com/snichols/flecs/internal/storage/table/table.go:167.53,168.23 1 2
github.com/snichols/flecs/internal/storage/table/table.go:168.23,170.3 1 1
github.com/snichols/flecs/internal/storage/table/table.go:171.2,172.16 2 1
github.com/snichols/flecs/internal/storage/table/table.go:178.56,179.26 1 2
github.com/snichols/flecs/internal/storage/table/table.go:179.26,181.3 1 1
github.com/snichols/flecs/internal/storage/table/table.go:182.2,183.16 2 1
github.com/snichols/flecs/internal/storage/table/table.go:190.53,191.23 1 6
github.com/snichols/flecs/internal/storage/table/table.go:191.23,193.3 1 4
github.com/snichols/flecs/internal/storage/table/table.go:194.2,194.59 1 6
github.com/snichols/flecs/internal/storage/table/table.go:194.59,195.77 1 1
github.com/snichols/flecs/internal/storage/table/table.go:197.2,197.22 1 5
github.com/snichols/flecs/internal/storage/table/table.go:204.56,205.26 1 6
github.com/snichols/flecs/internal/storage/table/table.go:205.26,207.3 1 4
github.com/snichols/flecs/internal/storage/table/table.go:208.2,208.62 1 6
github.com/snichols/flecs/internal/storage/table/table.go:208.62,209.80 1 1
github.com/snichols/flecs/internal/storage/table/table.go:211.2,211.25 1 5
github.com/snichols/flecs/internal/ids/ids.go:30.29,32.2 1 0
github.com/snichols/flecs/internal/ids/ids.go:36.34,38.2 1 0
github.com/snichols/flecs/internal/ids/ids.go:42.44,44.2 1 0
github.com/snichols/flecs/internal/ids/ids.go:47.28,49.2 1 0
github.com/snichols/flecs/internal/ids/ids.go:53.25,54.18 1 0
github.com/snichols/flecs/internal/ids/ids.go:54.18,56.3 1 0
github.com/snichols/flecs/internal/ids/ids.go:57.2,57.39 1 0
github.com/snichols/flecs/internal/ids/ids.go:62.26,63.18 1 0
github.com/snichols/flecs/internal/ids/ids.go:63.18,65.3 1 0
github.com/snichols/flecs/internal/ids/ids.go:66.2,66.23 1 0
github.com/snichols/flecs/internal/ids/ids.go:70.36,72.2 1 0
github.com/snichols/flecs/internal/ids/ids.go:76.30,77.17 1 0
github.com/snichols/flecs/internal/ids/ids.go:77.17,79.3 1 0
github.com/snichols/flecs/internal/ids/ids.go:80.2,80.60 1 0
github.com/snichols/flecs/internal/ids/ids.go:84.46,86.2 1 0
github.com/snichols/flecs/internal/ids/ids.go:90.36,92.2 1 0
